TN:
SF:src\app.ts
FN:22,(anonymous_1)
FNF:1
FNH:0
FNDA:0,(anonymous_1)
DA:1,2
DA:2,2
DA:3,2
DA:4,2
DA:5,2
DA:7,2
DA:8,2
DA:10,2
DA:11,2
DA:13,2
DA:19,2
DA:21,2
DA:28,0
DA:29,0
DA:32,0
DA:41,2
DA:43,2
LF:17
LH:14
BRDA:28,0,0,0
BRDA:33,1,0,0
BRDA:33,1,1,0
BRDA:33,2,0,0
BRDA:33,2,1,0
BRF:5
BRH:0
end_of_record
TN:
SF:src\logger.ts
FNF:0
FNH:0
DA:1,2
DA:3,2
DA:10,2
LF:3
LH:3
BRDA:5,0,0,0
BRDA:5,0,1,2
BRF:2
BRH:1
end_of_record
TN:
SF:src\controllers\playlist.controller.ts
FN:11,(anonymous_8)
FN:17,(anonymous_9)
FN:18,(anonymous_10)
FN:22,(anonymous_11)
FN:28,(anonymous_12)
FN:32,(anonymous_13)
FN:36,(anonymous_14)
FN:40,(anonymous_15)
FN:44,(anonymous_16)
FN:50,(anonymous_17)
FN:59,(anonymous_19)
FN:68,(anonymous_21)
FN:76,(anonymous_23)
FN:85,(anonymous_25)
FN:94,(anonymous_27)
FN:102,(anonymous_29)
FNF:16
FNH:6
FNDA:2,(anonymous_8)
FNDA:2,(anonymous_9)
FNDA:0,(anonymous_10)
FNDA:0,(anonymous_11)
FNDA:1,(anonymous_12)
FNDA:0,(anonymous_13)
FNDA:1,(anonymous_14)
FNDA:0,(anonymous_15)
FNDA:0,(anonymous_16)
FNDA:0,(anonymous_17)
FNDA:0,(anonymous_19)
FNDA:0,(anonymous_21)
FNDA:1,(anonymous_23)
FNDA:1,(anonymous_25)
FNDA:0,(anonymous_27)
FNDA:0,(anonymous_29)
DA:2,2
DA:4,2
DA:7,2
DA:12,2
DA:13,2
DA:14,2
DA:18,2
DA:19,0
DA:22,2
DA:23,0
DA:28,2
DA:29,1
DA:32,2
DA:33,0
DA:36,2
DA:37,1
DA:40,2
DA:41,0
DA:44,2
DA:45,0
DA:51,0
DA:53,0
DA:60,0
DA:62,0
DA:69,0
DA:71,0
DA:77,1
DA:79,1
DA:86,1
DA:88,1
DA:95,0
DA:97,0
DA:103,0
DA:105,0
DA:111,2
LF:35
LH:20
BRF:0
BRH:0
end_of_record
TN:
SF:src\controllers\test.controller.ts
FN:11,(anonymous_8)
FN:17,(anonymous_9)
FN:18,(anonymous_10)
FN:22,(anonymous_11)
FN:26,(anonymous_12)
FN:29,(anonymous_13)
FN:32,(anonymous_14)
FN:35,(anonymous_15)
FN:40,(anonymous_16)
FN:49,(anonymous_18)
FN:58,(anonymous_20)
FN:67,(anonymous_22)
FN:76,(anonymous_24)
FN:88,(anonymous_26)
FNF:14
FNH:4
FNDA:2,(anonymous_8)
FNDA:2,(anonymous_9)
FNDA:0,(anonymous_10)
FNDA:0,(anonymous_11)
FNDA:0,(anonymous_12)
FNDA:1,(anonymous_13)
FNDA:0,(anonymous_14)
FNDA:0,(anonymous_15)
FNDA:0,(anonymous_16)
FNDA:0,(anonymous_18)
FNDA:0,(anonymous_20)
FNDA:1,(anonymous_22)
FNDA:0,(anonymous_24)
FNDA:0,(anonymous_26)
DA:2,2
DA:4,2
DA:7,2
DA:12,2
DA:13,2
DA:14,2
DA:18,2
DA:19,0
DA:22,2
DA:23,0
DA:26,2
DA:27,0
DA:29,2
DA:30,1
DA:32,2
DA:33,0
DA:35,2
DA:36,0
DA:41,0
DA:43,0
DA:50,0
DA:52,0
DA:59,0
DA:61,0
DA:68,1
DA:70,1
DA:77,0
DA:82,0
DA:89,0
DA:91,0
DA:97,2
LF:31
LH:16
BRF:0
BRH:0
end_of_record
TN:
SF:src\database\index.ts
FN:7,(anonymous_1)
FN:11,(anonymous_2)
FN:18,(anonymous_3)
FN:22,(anonymous_4)
FNF:4
FNH:4
FNDA:7,(anonymous_1)
FNDA:8,(anonymous_2)
FNDA:5,(anonymous_3)
FNDA:2,(anonymous_4)
DA:1,3
DA:3,3
DA:8,7
DA:12,8
DA:13,2
DA:15,8
DA:19,5
DA:23,2
LF:8
LH:8
BRDA:12,0,0,2
BRF:1
BRH:1
end_of_record
TN:
SF:src\di\index.ts
FNF:0
FNH:0
DA:1,2
DA:2,2
DA:3,2
DA:5,2
DA:6,2
DA:8,2
DA:10,2
DA:13,2
DA:14,2
DA:15,2
DA:24,2
DA:25,2
LF:12
LH:12
BRF:0
BRH:0
end_of_record
TN:
SF:src\di\injector.ts
FN:1,(anonymous_0)
FN:5,(anonymous_1)
FN:12,(anonymous_2)
FN:16,(anonymous_3)
FN:23,(anonymous_4)
FNF:5
FNH:5
FNDA:2,(anonymous_0)
FNDA:4,(anonymous_1)
FNDA:4,(anonymous_2)
FNDA:6,(anonymous_3)
FNDA:9,(anonymous_4)
DA:1,2
DA:2,2
DA:3,2
DA:9,4
DA:13,4
DA:20,6
DA:24,9
LF:7
LH:7
BRF:0
BRH:0
end_of_record
TN:
SF:src\entities\base.entity.ts
FN:4,(anonymous_0)
FNF:1
FNH:1
FNDA:10,(anonymous_0)
DA:1,3
DA:5,10
LF:2
LH:2
BRF:0
BRH:0
end_of_record
TN:
SF:src\entities\playlist.entity.ts
FN:9,(anonymous_1)
FNF:1
FNH:1
FNDA:3,(anonymous_1)
DA:1,2
DA:10,3
DA:11,3
DA:12,3
DA:13,3
DA:14,3
DA:19,2
LF:7
LH:7
BRDA:10,0,0,3
BRDA:10,0,1,2
BRDA:11,1,0,3
BRDA:11,1,1,0
BRDA:12,2,0,3
BRDA:12,2,1,2
BRDA:13,3,0,3
BRDA:13,3,1,3
BRDA:14,4,0,3
BRDA:14,4,1,3
BRF:10
BRH:9
end_of_record
TN:
SF:src\entities\test.entity.ts
FN:6,(anonymous_1)
FNF:1
FNH:1
FNDA:7,(anonymous_1)
DA:1,3
DA:3,3
DA:7,7
DA:8,7
LF:4
LH:4
BRDA:7,0,0,7
BRDA:7,0,1,1
BRF:2
BRH:2
end_of_record
TN:
SF:src\models\base.model.ts
FN:4,(anonymous_0)
FNF:1
FNH:1
FNDA:6,(anonymous_0)
DA:1,3
DA:5,6
LF:2
LH:2
BRF:0
BRH:0
end_of_record
TN:
SF:src\models\playlist.model.ts
FN:9,(anonymous_1)
FNF:1
FNH:1
FNDA:2,(anonymous_1)
DA:1,2
DA:22,2
DA:23,2
DA:24,2
DA:25,2
DA:26,2
DA:30,2
LF:7
LH:7
BRF:0
BRH:0
end_of_record
TN:
SF:src\models\test.model.ts
FN:6,(anonymous_1)
FNF:1
FNH:1
FNDA:4,(anonymous_1)
DA:1,3
DA:3,3
DA:7,4
DA:8,4
LF:4
LH:4
BRDA:7,0,0,4
BRDA:7,0,1,0
BRF:2
BRH:1
end_of_record
TN:
SF:src\repositories\base.repository.ts
FN:12,(anonymous_8)
FN:17,(anonymous_9)
FN:33,(anonymous_11)
FN:53,(anonymous_13)
FN:64,(anonymous_15)
FN:77,(anonymous_17)
FNF:6
FNH:4
FNDA:6,(anonymous_8)
FNDA:3,(anonymous_9)
FNDA:1,(anonymous_11)
FNDA:1,(anonymous_13)
FNDA:0,(anonymous_15)
FNDA:0,(anonymous_17)
DA:1,2
DA:3,2
DA:4,2
DA:8,2
DA:13,6
DA:14,6
DA:18,3
DA:19,3
DA:20,1
DA:22,3
DA:26,3
DA:27,3
DA:29,0
DA:37,1
DA:38,1
DA:39,0
DA:41,1
DA:42,1
DA:43,1
DA:44,1
DA:45,1
DA:47,0
DA:49,0
DA:54,1
DA:55,1
DA:56,0
DA:58,1
DA:60,0
DA:65,0
DA:66,0
DA:67,0
DA:69,0
DA:73,0
DA:78,0
DA:79,0
DA:80,0
DA:83,0
DA:85,0
LF:38
LH:22
BRDA:19,0,0,1
BRDA:24,1,0,3
BRDA:24,1,1,2
BRDA:38,2,0,0
BRDA:42,3,0,1
BRDA:55,4,0,0
BRDA:58,5,0,1
BRDA:58,5,1,1
BRDA:66,6,0,0
BRDA:69,7,0,0
BRDA:69,7,1,0
BRDA:79,8,0,0
BRF:12
BRH:6
end_of_record
TN:
SF:src\repositories\other.repository.ts
FN:5,(anonymous_8)
FN:9,(anonymous_9)
FNF:2
FNH:1
FNDA:2,(anonymous_8)
FNDA:0,(anonymous_9)
DA:2,2
DA:6,2
DA:10,0
DA:14,2
LF:4
LH:3
BRF:0
BRH:0
end_of_record
TN:
SF:src\repositories\playlist.repository.ts
FN:6,(anonymous_8)
FN:10,(anonymous_9)
FN:18,(anonymous_11)
FN:21,(anonymous_13)
FN:29,(anonymous_14)
FN:34,(anonymous_16)
FN:42,(anonymous_17)
FN:44,(anonymous_19)
FN:54,(anonymous_20)
FN:66,(anonymous_22)
FN:72,(anonymous_24)
FN:82,(anonymous_25)
FNF:12
FNH:4
FNDA:2,(anonymous_8)
FNDA:0,(anonymous_9)
FNDA:0,(anonymous_11)
FNDA:0,(anonymous_13)
FNDA:0,(anonymous_14)
FNDA:0,(anonymous_16)
FNDA:1,(anonymous_17)
FNDA:2,(anonymous_19)
FNDA:2,(anonymous_20)
FNDA:0,(anonymous_22)
FNDA:0,(anonymous_24)
FNDA:0,(anonymous_25)
DA:2,2
DA:3,2
DA:7,2
DA:11,0
DA:12,0
DA:14,0
DA:19,0
DA:20,0
DA:21,0
DA:23,0
DA:25,0
DA:30,0
DA:31,0
DA:33,0
DA:34,0
DA:37,0
DA:43,1
DA:44,2
DA:45,1
DA:46,0
DA:48,1
DA:50,0
DA:55,2
DA:56,2
DA:58,2
DA:60,0
DA:67,0
DA:68,0
DA:69,0
DA:70,0
DA:72,0
DA:74,0
DA:76,0
DA:78,0
DA:83,0
DA:84,0
DA:85,0
DA:86,0
DA:90,0
DA:92,0
DA:94,0
DA:99,2
LF:42
LH:11
BRDA:33,0,0,0
BRDA:45,1,0,0
BRDA:69,2,0,0
BRDA:85,3,0,0
BRF:4
BRH:0
end_of_record
TN:
SF:src\repositories\test.repository.ts
FN:5,(anonymous_8)
FN:9,(anonymous_9)
FN:13,(anonymous_11)
FN:14,(anonymous_13)
FN:17,(anonymous_14)
FN:21,(anonymous_16)
FN:25,(anonymous_18)
FN:28,(anonymous_19)
FN:29,(anonymous_21)
FNF:9
FNH:4
FNDA:2,(anonymous_8)
FNDA:0,(anonymous_9)
FNDA:1,(anonymous_11)
FNDA:1,(anonymous_13)
FNDA:1,(anonymous_14)
FNDA:0,(anonymous_16)
FNDA:0,(anonymous_18)
FNDA:0,(anonymous_19)
FNDA:0,(anonymous_21)
DA:2,2
DA:6,2
DA:10,0
DA:14,1
DA:18,1
DA:25,0
DA:29,0
DA:33,2
LF:8
LH:5
BRF:0
BRH:0
end_of_record
TN:
SF:src\routes\index.ts
FN:13,(anonymous_1)
FNF:1
FNH:1
FNDA:2,(anonymous_1)
DA:1,2
DA:2,2
DA:3,2
DA:4,2
DA:6,2
DA:7,2
DA:10,2
DA:11,2
DA:13,2
DA:14,2
DA:19,2
LF:11
LH:11
BRF:0
BRH:0
end_of_record
TN:
SF:src\services\playlist.service.ts
FN:16,(anonymous_8)
FN:20,(anonymous_9)
FN:23,(anonymous_11)
FN:30,(anonymous_12)
FN:45,(anonymous_14)
FN:51,(anonymous_16)
FN:66,(anonymous_18)
FN:81,(anonymous_20)
FN:87,(anonymous_22)
FNF:9
FNH:3
FNDA:2,(anonymous_8)
FNDA:0,(anonymous_9)
FNDA:0,(anonymous_11)
FNDA:0,(anonymous_12)
FNDA:0,(anonymous_14)
FNDA:1,(anonymous_16)
FNDA:1,(anonymous_18)
FNDA:0,(anonymous_20)
FNDA:0,(anonymous_22)
DA:1,2
DA:3,2
DA:7,2
DA:8,2
DA:9,2
DA:17,2
DA:21,0
DA:23,0
DA:27,0
DA:31,0
DA:33,0
DA:34,0
DA:40,0
DA:42,0
DA:46,0
DA:52,1
DA:54,1
DA:55,0
DA:61,1
DA:63,1
DA:67,1
DA:69,1
DA:70,0
DA:76,1
DA:78,1
DA:82,0
DA:88,0
DA:94,2
LF:28
LH:15
BRDA:33,0,0,0
BRDA:54,1,0,0
BRDA:69,2,0,0
BRF:3
BRH:0
end_of_record
TN:
SF:src\services\test.service.ts
FN:15,(anonymous_8)
FN:23,(anonymous_9)
FN:26,(anonymous_11)
FN:31,(anonymous_12)
FN:34,(anonymous_14)
FN:39,(anonymous_15)
FN:54,(anonymous_17)
FN:61,(anonymous_19)
FN:76,(anonymous_21)
FNF:9
FNH:5
FNDA:4,(anonymous_8)
FNDA:1,(anonymous_9)
FNDA:1,(anonymous_11)
FNDA:0,(anonymous_12)
FNDA:0,(anonymous_14)
FNDA:1,(anonymous_15)
FNDA:1,(anonymous_17)
FNDA:0,(anonymous_19)
FNDA:0,(anonymous_21)
DA:2,3
DA:5,3
DA:8,3
DA:19,4
DA:20,4
DA:24,1
DA:26,1
DA:28,1
DA:32,0
DA:34,0
DA:36,0
DA:40,1
DA:42,1
DA:43,0
DA:49,1
DA:51,1
DA:55,1
DA:56,1
DA:58,1
DA:62,0
DA:64,0
DA:65,0
DA:71,0
DA:73,0
DA:77,0
DA:81,3
LF:26
LH:16
BRDA:42,0,0,0
BRDA:64,1,0,0
BRF:2
BRH:0
end_of_record
TN:
SF:src\utils\result.ts
FN:8,(anonymous_0)
FN:22,(anonymous_1)
FN:30,(anonymous_2)
FN:45,(anonymous_3)
FN:51,(anonymous_4)
FN:63,(anonymous_5)
FNF:6
FNH:4
FNDA:3,(anonymous_0)
FNDA:3,(anonymous_1)
FNDA:3,(anonymous_2)
FNDA:3,(anonymous_3)
FNDA:0,(anonymous_4)
FNDA:0,(anonymous_5)
DA:3,2
DA:17,3
DA:18,3
DA:19,3
DA:23,3
DA:27,2
DA:41,3
DA:42,3
DA:46,3
DA:50,2
DA:60,0
DA:64,0
LF:12
LH:10
BRDA:23,0,0,0
BRDA:23,0,1,3
BRDA:23,1,0,3
BRDA:23,1,1,3
BRDA:41,2,0,3
BRDA:41,2,1,3
BRDA:41,3,0,3
BRDA:41,3,1,3
BRDA:60,4,0,0
BRDA:60,4,1,0
BRDA:60,5,0,0
BRDA:60,5,1,0
BRF:12
BRH:7
end_of_record
TN:
SF:src\utils\errors\http.error.ts
FN:7,(anonymous_0)
FN:25,(anonymous_1)
FN:31,(anonymous_2)
FN:37,(anonymous_3)
FN:43,(anonymous_4)
FN:49,(anonymous_5)
FN:55,(anonymous_6)
FN:66,(anonymous_7)
FN:77,(anonymous_8)
FN:83,(anonymous_9)
FN:89,(anonymous_10)
FN:95,(anonymous_11)
FN:101,(anonymous_12)
FN:112,(anonymous_13)
FNF:14
FNH:0
FNDA:0,(anonymous_0)
FNDA:0,(anonymous_1)
FNDA:0,(anonymous_2)
FNDA:0,(anonymous_3)
FNDA:0,(anonymous_4)
FNDA:0,(anonymous_5)
FNDA:0,(anonymous_6)
FNDA:0,(anonymous_7)
FNDA:0,(anonymous_8)
FNDA:0,(anonymous_9)
FNDA:0,(anonymous_10)
FNDA:0,(anonymous_11)
FNDA:0,(anonymous_12)
FNDA:0,(anonymous_13)
DA:1,3
DA:18,0
DA:19,0
DA:20,0
DA:21,0
DA:22,0
DA:26,0
DA:30,3
DA:32,0
DA:36,3
DA:38,0
DA:42,3
DA:44,0
DA:48,3
DA:50,0
DA:54,3
DA:56,0
DA:65,3
DA:67,0
DA:76,3
DA:78,0
DA:82,3
DA:84,0
DA:88,3
DA:90,0
DA:94,3
DA:96,0
DA:100,3
DA:102,0
DA:111,3
DA:113,0
LF:31
LH:13
BRDA:21,0,0,0
BRDA:21,0,1,0
BRDA:22,1,0,0
BRDA:22,1,1,0
BRDA:55,2,0,0
BRDA:58,3,0,0
BRDA:58,3,1,0
BRDA:66,4,0,0
BRDA:69,5,0,0
BRDA:69,5,1,0
BRDA:101,6,0,0
BRDA:104,7,0,0
BRDA:104,7,1,0
BRDA:112,8,0,0
BRDA:115,9,0,0
BRDA:115,9,1,0
BRF:16
BRH:0
end_of_record
